<?xml version="1.0" encoding="UTF-8"?>
<!-- Generated by org.testng.reporters.JUnitReportReporter -->
<testsuite hostname="SDCWSBO-CW40005" failures="0" tests="1" name="testCases.TC01_Gmail" time="3.311" errors="0" timestamp="2024-03-20T16:06:57 IST" skipped="0">
  <testcase classname="testCases.TC01_Gmail" name="verify_navigation_fromLogin_toForgotPaswardPage" time="3.311"/>
</testsuite> <!-- testCases.TC01_Gmail -->
