<?xml version="1.0" encoding="UTF-8"?>
<!-- Generated by org.testng.reporters.JUnitReportReporter -->
<testsuite hostname="SDCWSBO-CW40005" failures="0" tests="1" name="testCases.TC01_ForgotPassword" time="2.366" errors="0" timestamp="2024-03-21T21:30:23 IST" skipped="0">
  <testcase classname="testCases.TC01_ForgotPassword" name="verify_TC01_ForgotPassword" time="2.366"/>
</testsuite> <!-- testCases.TC01_ForgotPassword -->
